<?xml version="1.0" encoding="UTF-8"?>
<testsuite xmlns:xsi="http://www.w3.org/2001/XMLSchema-instance" xsi:noNamespaceSchemaLocation="https://maven.apache.org/surefire/maven-surefire-plugin/xsd/surefire-test-report-3.0.xsd" version="3.0" name="com.hkust.mapper.UserMapperTest" time="4.183" tests="1" errors="0" skipped="0" failures="0">
  <properties>
    <property name="gopherProxySet" value="false"/>
    <property name="awt.toolkit" value="sun.lwawt.macosx.LWCToolkit"/>
    <property name="file.encoding.pkg" value="sun.io"/>
    <property name="java.specification.version" value="1.8"/>
    <property name="sun.cpu.isalist" value=""/>
    <property name="sun.jnu.encoding" value="UTF-8"/>
    <property name="java.class.path" value="/Users/kim/work/hkust/hkust-sc/target/test-classes:/Users/kim/work/hkust/hkust-sc/target/classes:/Users/kim/work/hkust/hkust-data/target/hkust-data-1.0.0.jar:/Users/kim/work/hkust/hkust-auth/target/hkust-auth-1.0.0.jar:/Users/kim/work/hkust/hkust-common/target/hkust-common-1.0.0.jar:/Users/kim/.m2/repository/org/springframework/boot/spring-boot-starter-web/2.7.5/spring-boot-starter-web-2.7.5.jar:/Users/kim/.m2/repository/org/springframework/boot/spring-boot-starter/2.7.5/spring-boot-starter-2.7.5.jar:/Users/kim/.m2/repository/org/springframework/boot/spring-boot-starter-logging/2.7.5/spring-boot-starter-logging-2.7.5.jar:/Users/kim/.m2/repository/ch/qos/logback/logback-classic/1.2.11/logback-classic-1.2.11.jar:/Users/kim/.m2/repository/ch/qos/logback/logback-core/1.2.11/logback-core-1.2.11.jar:/Users/kim/.m2/repository/org/apache/logging/log4j/log4j-to-slf4j/2.17.2/log4j-to-slf4j-2.17.2.jar:/Users/kim/.m2/repository/org/apache/logging/log4j/log4j-api/2.17.2/log4j-api-2.17.2.jar:/Users/kim/.m2/repository/org/slf4j/jul-to-slf4j/1.7.36/jul-to-slf4j-1.7.36.jar:/Users/kim/.m2/repository/jakarta/annotation/jakarta.annotation-api/1.3.5/jakarta.annotation-api-1.3.5.jar:/Users/kim/.m2/repository/org/yaml/snakeyaml/1.30/snakeyaml-1.30.jar:/Users/kim/.m2/repository/org/springframework/boot/spring-boot-starter-json/2.7.5/spring-boot-starter-json-2.7.5.jar:/Users/kim/.m2/repository/com/fasterxml/jackson/datatype/jackson-datatype-jdk8/2.13.4/jackson-datatype-jdk8-2.13.4.jar:/Users/kim/.m2/repository/com/fasterxml/jackson/datatype/jackson-datatype-jsr310/2.13.4/jackson-datatype-jsr310-2.13.4.jar:/Users/kim/.m2/repository/com/fasterxml/jackson/module/jackson-module-parameter-names/2.13.4/jackson-module-parameter-names-2.13.4.jar:/Users/kim/.m2/repository/org/springframework/boot/spring-boot-starter-tomcat/2.7.5/spring-boot-starter-tomcat-2.7.5.jar:/Users/kim/.m2/repository/org/apache/tomcat/embed/tomcat-embed-core/9.0.68/tomcat-embed-core-9.0.68.jar:/Users/kim/.m2/repository/org/apache/tomcat/embed/tomcat-embed-el/9.0.68/tomcat-embed-el-9.0.68.jar:/Users/kim/.m2/repository/org/apache/tomcat/embed/tomcat-embed-websocket/9.0.68/tomcat-embed-websocket-9.0.68.jar:/Users/kim/.m2/repository/org/springframework/spring-web/5.3.23/spring-web-5.3.23.jar:/Users/kim/.m2/repository/org/springframework/spring-beans/5.3.23/spring-beans-5.3.23.jar:/Users/kim/.m2/repository/org/springframework/spring-webmvc/5.3.23/spring-webmvc-5.3.23.jar:/Users/kim/.m2/repository/org/springframework/spring-context/5.3.23/spring-context-5.3.23.jar:/Users/kim/.m2/repository/org/springframework/spring-expression/5.3.23/spring-expression-5.3.23.jar:/Users/kim/.m2/repository/org/springframework/boot/spring-boot-starter-test/2.7.5/spring-boot-starter-test-2.7.5.jar:/Users/kim/.m2/repository/org/springframework/boot/spring-boot-test/2.7.5/spring-boot-test-2.7.5.jar:/Users/kim/.m2/repository/org/springframework/boot/spring-boot-test-autoconfigure/2.7.5/spring-boot-test-autoconfigure-2.7.5.jar:/Users/kim/.m2/repository/com/jayway/jsonpath/json-path/2.7.0/json-path-2.7.0.jar:/Users/kim/.m2/repository/net/minidev/json-smart/2.4.8/json-smart-2.4.8.jar:/Users/kim/.m2/repository/net/minidev/accessors-smart/2.4.8/accessors-smart-2.4.8.jar:/Users/kim/.m2/repository/org/ow2/asm/asm/9.1/asm-9.1.jar:/Users/kim/.m2/repository/jakarta/xml/bind/jakarta.xml.bind-api/2.3.3/jakarta.xml.bind-api-2.3.3.jar:/Users/kim/.m2/repository/jakarta/activation/jakarta.activation-api/1.2.2/jakarta.activation-api-1.2.2.jar:/Users/kim/.m2/repository/org/assertj/assertj-core/3.22.0/assertj-core-3.22.0.jar:/Users/kim/.m2/repository/org/hamcrest/hamcrest/2.2/hamcrest-2.2.jar:/Users/kim/.m2/repository/org/junit/jupiter/junit-jupiter/5.8.2/junit-jupiter-5.8.2.jar:/Users/kim/.m2/repository/org/junit/jupiter/junit-jupiter-params/5.8.2/junit-jupiter-params-5.8.2.jar:/Users/kim/.m2/repository/org/mockito/mockito-core/4.5.1/mockito-core-4.5.1.jar:/Users/kim/.m2/repository/net/bytebuddy/byte-buddy/1.12.18/byte-buddy-1.12.18.jar:/Users/kim/.m2/repository/net/bytebuddy/byte-buddy-agent/1.12.18/byte-buddy-agent-1.12.18.jar:/Users/kim/.m2/repository/org/objenesis/objenesis/3.2/objenesis-3.2.jar:/Users/kim/.m2/repository/org/mockito/mockito-junit-jupiter/4.5.1/mockito-junit-jupiter-4.5.1.jar:/Users/kim/.m2/repository/org/skyscreamer/jsonassert/1.5.1/jsonassert-1.5.1.jar:/Users/kim/.m2/repository/com/vaadin/external/google/android-json/0.0.20131108.vaadin1/android-json-0.0.20131108.vaadin1.jar:/Users/kim/.m2/repository/org/springframework/spring-core/5.3.23/spring-core-5.3.23.jar:/Users/kim/.m2/repository/org/springframework/spring-jcl/5.3.23/spring-jcl-5.3.23.jar:/Users/kim/.m2/repository/org/springframework/spring-test/5.3.23/spring-test-5.3.23.jar:/Users/kim/.m2/repository/org/xmlunit/xmlunit-core/2.9.0/xmlunit-core-2.9.0.jar:/Users/kim/.m2/repository/cn/hutool/hutool-all/5.8.18/hutool-all-5.8.18.jar:/Users/kim/.m2/repository/org/apache/commons/commons-lang3/3.9/commons-lang3-3.9.jar:/Users/kim/.m2/repository/com/alibaba/druid-spring-boot-starter/1.2.11/druid-spring-boot-starter-1.2.11.jar:/Users/kim/.m2/repository/com/alibaba/druid/1.2.11/druid-1.2.11.jar:/Users/kim/.m2/repository/org/slf4j/slf4j-api/1.7.36/slf4j-api-1.7.36.jar:/Users/kim/.m2/repository/com/alibaba/fastjson/1.2.33/fastjson-1.2.33.jar:/Users/kim/.m2/repository/org/springframework/boot/spring-boot-autoconfigure/2.5.15/spring-boot-autoconfigure-2.5.15.jar:/Users/kim/.m2/repository/org/springframework/boot/spring-boot/2.7.5/spring-boot-2.7.5.jar:/Users/kim/.m2/repository/com/baomidou/mybatis-plus-boot-starter/3.5.1/mybatis-plus-boot-starter-3.5.1.jar:/Users/kim/.m2/repository/com/baomidou/mybatis-plus/3.5.1/mybatis-plus-3.5.1.jar:/Users/kim/.m2/repository/com/baomidou/mybatis-plus-extension/3.5.1/mybatis-plus-extension-3.5.1.jar:/Users/kim/.m2/repository/com/baomidou/mybatis-plus-core/3.5.1/mybatis-plus-core-3.5.1.jar:/Users/kim/.m2/repository/com/baomidou/mybatis-plus-annotation/3.5.1/mybatis-plus-annotation-3.5.1.jar:/Users/kim/.m2/repository/org/springframework/boot/spring-boot-starter-jdbc/2.7.5/spring-boot-starter-jdbc-2.7.5.jar:/Users/kim/.m2/repository/com/zaxxer/HikariCP/4.0.3/HikariCP-4.0.3.jar:/Users/kim/.m2/repository/org/springframework/spring-jdbc/5.3.23/spring-jdbc-5.3.23.jar:/Users/kim/.m2/repository/org/springframework/spring-tx/5.3.23/spring-tx-5.3.23.jar:/Users/kim/.m2/repository/com/github/pagehelper/pagehelper-spring-boot-starter/1.4.5/pagehelper-spring-boot-starter-1.4.5.jar:/Users/kim/.m2/repository/org/mybatis/spring/boot/mybatis-spring-boot-starter/2.2.2/mybatis-spring-boot-starter-2.2.2.jar:/Users/kim/.m2/repository/org/mybatis/spring/boot/mybatis-spring-boot-autoconfigure/2.2.2/mybatis-spring-boot-autoconfigure-2.2.2.jar:/Users/kim/.m2/repository/org/mybatis/mybatis/3.5.9/mybatis-3.5.9.jar:/Users/kim/.m2/repository/org/mybatis/mybatis-spring/2.0.7/mybatis-spring-2.0.7.jar:/Users/kim/.m2/repository/com/github/pagehelper/pagehelper-spring-boot-autoconfigure/1.4.5/pagehelper-spring-boot-autoconfigure-1.4.5.jar:/Users/kim/.m2/repository/com/github/pagehelper/pagehelper/5.3.2/pagehelper-5.3.2.jar:/Users/kim/.m2/repository/com/github/jsqlparser/jsqlparser/4.5/jsqlparser-4.5.jar:/Users/kim/.m2/repository/com/mysql/mysql-connector-j/8.0.33/mysql-connector-j-8.0.33.jar:/Users/kim/.m2/repository/org/projectlombok/lombok/1.18.12/lombok-1.18.12.jar:/Users/kim/.m2/repository/org/springdoc/springdoc-openapi-ui/1.6.9/springdoc-openapi-ui-1.6.9.jar:/Users/kim/.m2/repository/org/webjars/swagger-ui/4.11.1/swagger-ui-4.11.1.jar:/Users/kim/.m2/repository/org/webjars/webjars-locator-core/0.50/webjars-locator-core-0.50.jar:/Users/kim/.m2/repository/com/fasterxml/jackson/core/jackson-core/2.13.4/jackson-core-2.13.4.jar:/Users/kim/.m2/repository/io/github/classgraph/classgraph/4.8.147/classgraph-4.8.147.jar:/Users/kim/.m2/repository/org/springdoc/springdoc-openapi-webmvc-core/1.6.9/springdoc-openapi-webmvc-core-1.6.9.jar:/Users/kim/.m2/repository/org/springdoc/springdoc-openapi-common/1.6.9/springdoc-openapi-common-1.6.9.jar:/Users/kim/.m2/repository/io/swagger/core/v3/swagger-core/2.2.0/swagger-core-2.2.0.jar:/Users/kim/.m2/repository/com/fasterxml/jackson/dataformat/jackson-dataformat-yaml/2.13.4/jackson-dataformat-yaml-2.13.4.jar:/Users/kim/.m2/repository/io/swagger/core/v3/swagger-annotations/2.2.0/swagger-annotations-2.2.0.jar:/Users/kim/.m2/repository/io/swagger/core/v3/swagger-models/2.2.0/swagger-models-2.2.0.jar:/Users/kim/.m2/repository/jakarta/validation/jakarta.validation-api/2.0.2/jakarta.validation-api-2.0.2.jar:/Users/kim/.m2/repository/org/springdoc/springdoc-openapi-security/1.6.9/springdoc-openapi-security-1.6.9.jar:/Users/kim/.m2/repository/org/springframework/security/spring-security-core/5.7.4/spring-security-core-5.7.4.jar:/Users/kim/.m2/repository/org/springframework/security/spring-security-crypto/5.7.4/spring-security-crypto-5.7.4.jar:/Users/kim/.m2/repository/org/springframework/boot/spring-boot-starter-security/2.7.5/spring-boot-starter-security-2.7.5.jar:/Users/kim/.m2/repository/org/springframework/spring-aop/5.3.23/spring-aop-5.3.23.jar:/Users/kim/.m2/repository/org/springframework/security/spring-security-config/5.7.4/spring-security-config-5.7.4.jar:/Users/kim/.m2/repository/org/springframework/security/spring-security-web/5.7.4/spring-security-web-5.7.4.jar:/Users/kim/.m2/repository/org/springframework/boot/spring-boot-starter-oauth2-resource-server/2.7.5/spring-boot-starter-oauth2-resource-server-2.7.5.jar:/Users/kim/.m2/repository/org/springframework/security/spring-security-oauth2-resource-server/5.7.4/spring-security-oauth2-resource-server-5.7.4.jar:/Users/kim/.m2/repository/org/springframework/security/spring-security-oauth2-core/5.7.4/spring-security-oauth2-core-5.7.4.jar:/Users/kim/.m2/repository/org/springframework/security/spring-security-oauth2-jose/5.7.4/spring-security-oauth2-jose-5.7.4.jar:/Users/kim/.m2/repository/com/nimbusds/nimbus-jose-jwt/9.22/nimbus-jose-jwt-9.22.jar:/Users/kim/.m2/repository/com/github/stephenc/jcip/jcip-annotations/1.0-1/jcip-annotations-1.0-1.jar:/Users/kim/.m2/repository/io/jsonwebtoken/jjwt-api/0.11.5/jjwt-api-0.11.5.jar:/Users/kim/.m2/repository/io/jsonwebtoken/jjwt-impl/0.11.5/jjwt-impl-0.11.5.jar:/Users/kim/.m2/repository/io/jsonwebtoken/jjwt-jackson/0.11.5/jjwt-jackson-0.11.5.jar:/Users/kim/.m2/repository/com/fasterxml/jackson/core/jackson-databind/2.13.4.2/jackson-databind-2.13.4.2.jar:/Users/kim/.m2/repository/com/fasterxml/jackson/core/jackson-annotations/2.13.4/jackson-annotations-2.13.4.jar:/Users/kim/.m2/repository/org/mapstruct/mapstruct-jdk8/1.5.5.Final/mapstruct-jdk8-1.5.5.Final.jar:/Users/kim/.m2/repository/org/mapstruct/mapstruct/1.5.5.Final/mapstruct-1.5.5.Final.jar:/Users/kim/.m2/repository/org/mapstruct/mapstruct-processor/1.5.5.Final/mapstruct-processor-1.5.5.Final.jar:/Users/kim/.m2/repository/org/junit/jupiter/junit-jupiter-api/5.8.2/junit-jupiter-api-5.8.2.jar:/Users/kim/.m2/repository/org/opentest4j/opentest4j/1.2.0/opentest4j-1.2.0.jar:/Users/kim/.m2/repository/org/junit/platform/junit-platform-commons/1.8.2/junit-platform-commons-1.8.2.jar:/Users/kim/.m2/repository/org/apiguardian/apiguardian-api/1.1.2/apiguardian-api-1.1.2.jar:/Users/kim/.m2/repository/org/junit/jupiter/junit-jupiter-engine/5.8.2/junit-jupiter-engine-5.8.2.jar:/Users/kim/.m2/repository/org/junit/platform/junit-platform-engine/1.8.2/junit-platform-engine-1.8.2.jar:"/>
    <property name="java.vm.vendor" value="Oracle Corporation"/>
    <property name="sun.arch.data.model" value="64"/>
    <property name="java.vendor.url" value="http://java.oracle.com/"/>
    <property name="user.timezone" value="Asia/Shanghai"/>
    <property name="java.vm.specification.version" value="1.8"/>
    <property name="os.name" value="Mac OS X"/>
    <property name="user.country" value="CN"/>
    <property name="sun.java.launcher" value="SUN_STANDARD"/>
    <property name="sun.boot.library.path" value="/opt/java/jdk1.8.0_391.jdk/Contents/Home/jre/lib"/>
    <property name="sun.java.command" value="/Users/kim/work/hkust/hkust-sc/target/surefire/surefirebooter1626016354461087580.jar /Users/kim/work/hkust/hkust-sc/target/surefire 2024-08-25T00-14-09_217-jvmRun1 surefire4453418459663706774tmp surefire_091931589131571222tmp"/>
    <property name="http.nonProxyHosts" value="local|*.local|169.254/16|*.169.254/16"/>
    <property name="surefire.test.class.path" value="/Users/kim/work/hkust/hkust-sc/target/test-classes:/Users/kim/work/hkust/hkust-sc/target/classes:/Users/kim/work/hkust/hkust-data/target/hkust-data-1.0.0.jar:/Users/kim/work/hkust/hkust-auth/target/hkust-auth-1.0.0.jar:/Users/kim/work/hkust/hkust-common/target/hkust-common-1.0.0.jar:/Users/kim/.m2/repository/org/springframework/boot/spring-boot-starter-web/2.7.5/spring-boot-starter-web-2.7.5.jar:/Users/kim/.m2/repository/org/springframework/boot/spring-boot-starter/2.7.5/spring-boot-starter-2.7.5.jar:/Users/kim/.m2/repository/org/springframework/boot/spring-boot-starter-logging/2.7.5/spring-boot-starter-logging-2.7.5.jar:/Users/kim/.m2/repository/ch/qos/logback/logback-classic/1.2.11/logback-classic-1.2.11.jar:/Users/kim/.m2/repository/ch/qos/logback/logback-core/1.2.11/logback-core-1.2.11.jar:/Users/kim/.m2/repository/org/apache/logging/log4j/log4j-to-slf4j/2.17.2/log4j-to-slf4j-2.17.2.jar:/Users/kim/.m2/repository/org/apache/logging/log4j/log4j-api/2.17.2/log4j-api-2.17.2.jar:/Users/kim/.m2/repository/org/slf4j/jul-to-slf4j/1.7.36/jul-to-slf4j-1.7.36.jar:/Users/kim/.m2/repository/jakarta/annotation/jakarta.annotation-api/1.3.5/jakarta.annotation-api-1.3.5.jar:/Users/kim/.m2/repository/org/yaml/snakeyaml/1.30/snakeyaml-1.30.jar:/Users/kim/.m2/repository/org/springframework/boot/spring-boot-starter-json/2.7.5/spring-boot-starter-json-2.7.5.jar:/Users/kim/.m2/repository/com/fasterxml/jackson/datatype/jackson-datatype-jdk8/2.13.4/jackson-datatype-jdk8-2.13.4.jar:/Users/kim/.m2/repository/com/fasterxml/jackson/datatype/jackson-datatype-jsr310/2.13.4/jackson-datatype-jsr310-2.13.4.jar:/Users/kim/.m2/repository/com/fasterxml/jackson/module/jackson-module-parameter-names/2.13.4/jackson-module-parameter-names-2.13.4.jar:/Users/kim/.m2/repository/org/springframework/boot/spring-boot-starter-tomcat/2.7.5/spring-boot-starter-tomcat-2.7.5.jar:/Users/kim/.m2/repository/org/apache/tomcat/embed/tomcat-embed-core/9.0.68/tomcat-embed-core-9.0.68.jar:/Users/kim/.m2/repository/org/apache/tomcat/embed/tomcat-embed-el/9.0.68/tomcat-embed-el-9.0.68.jar:/Users/kim/.m2/repository/org/apache/tomcat/embed/tomcat-embed-websocket/9.0.68/tomcat-embed-websocket-9.0.68.jar:/Users/kim/.m2/repository/org/springframework/spring-web/5.3.23/spring-web-5.3.23.jar:/Users/kim/.m2/repository/org/springframework/spring-beans/5.3.23/spring-beans-5.3.23.jar:/Users/kim/.m2/repository/org/springframework/spring-webmvc/5.3.23/spring-webmvc-5.3.23.jar:/Users/kim/.m2/repository/org/springframework/spring-context/5.3.23/spring-context-5.3.23.jar:/Users/kim/.m2/repository/org/springframework/spring-expression/5.3.23/spring-expression-5.3.23.jar:/Users/kim/.m2/repository/org/springframework/boot/spring-boot-starter-test/2.7.5/spring-boot-starter-test-2.7.5.jar:/Users/kim/.m2/repository/org/springframework/boot/spring-boot-test/2.7.5/spring-boot-test-2.7.5.jar:/Users/kim/.m2/repository/org/springframework/boot/spring-boot-test-autoconfigure/2.7.5/spring-boot-test-autoconfigure-2.7.5.jar:/Users/kim/.m2/repository/com/jayway/jsonpath/json-path/2.7.0/json-path-2.7.0.jar:/Users/kim/.m2/repository/net/minidev/json-smart/2.4.8/json-smart-2.4.8.jar:/Users/kim/.m2/repository/net/minidev/accessors-smart/2.4.8/accessors-smart-2.4.8.jar:/Users/kim/.m2/repository/org/ow2/asm/asm/9.1/asm-9.1.jar:/Users/kim/.m2/repository/jakarta/xml/bind/jakarta.xml.bind-api/2.3.3/jakarta.xml.bind-api-2.3.3.jar:/Users/kim/.m2/repository/jakarta/activation/jakarta.activation-api/1.2.2/jakarta.activation-api-1.2.2.jar:/Users/kim/.m2/repository/org/assertj/assertj-core/3.22.0/assertj-core-3.22.0.jar:/Users/kim/.m2/repository/org/hamcrest/hamcrest/2.2/hamcrest-2.2.jar:/Users/kim/.m2/repository/org/junit/jupiter/junit-jupiter/5.8.2/junit-jupiter-5.8.2.jar:/Users/kim/.m2/repository/org/junit/jupiter/junit-jupiter-params/5.8.2/junit-jupiter-params-5.8.2.jar:/Users/kim/.m2/repository/org/mockito/mockito-core/4.5.1/mockito-core-4.5.1.jar:/Users/kim/.m2/repository/net/bytebuddy/byte-buddy/1.12.18/byte-buddy-1.12.18.jar:/Users/kim/.m2/repository/net/bytebuddy/byte-buddy-agent/1.12.18/byte-buddy-agent-1.12.18.jar:/Users/kim/.m2/repository/org/objenesis/objenesis/3.2/objenesis-3.2.jar:/Users/kim/.m2/repository/org/mockito/mockito-junit-jupiter/4.5.1/mockito-junit-jupiter-4.5.1.jar:/Users/kim/.m2/repository/org/skyscreamer/jsonassert/1.5.1/jsonassert-1.5.1.jar:/Users/kim/.m2/repository/com/vaadin/external/google/android-json/0.0.20131108.vaadin1/android-json-0.0.20131108.vaadin1.jar:/Users/kim/.m2/repository/org/springframework/spring-core/5.3.23/spring-core-5.3.23.jar:/Users/kim/.m2/repository/org/springframework/spring-jcl/5.3.23/spring-jcl-5.3.23.jar:/Users/kim/.m2/repository/org/springframework/spring-test/5.3.23/spring-test-5.3.23.jar:/Users/kim/.m2/repository/org/xmlunit/xmlunit-core/2.9.0/xmlunit-core-2.9.0.jar:/Users/kim/.m2/repository/cn/hutool/hutool-all/5.8.18/hutool-all-5.8.18.jar:/Users/kim/.m2/repository/org/apache/commons/commons-lang3/3.9/commons-lang3-3.9.jar:/Users/kim/.m2/repository/com/alibaba/druid-spring-boot-starter/1.2.11/druid-spring-boot-starter-1.2.11.jar:/Users/kim/.m2/repository/com/alibaba/druid/1.2.11/druid-1.2.11.jar:/Users/kim/.m2/repository/org/slf4j/slf4j-api/1.7.36/slf4j-api-1.7.36.jar:/Users/kim/.m2/repository/com/alibaba/fastjson/1.2.33/fastjson-1.2.33.jar:/Users/kim/.m2/repository/org/springframework/boot/spring-boot-autoconfigure/2.5.15/spring-boot-autoconfigure-2.5.15.jar:/Users/kim/.m2/repository/org/springframework/boot/spring-boot/2.7.5/spring-boot-2.7.5.jar:/Users/kim/.m2/repository/com/baomidou/mybatis-plus-boot-starter/3.5.1/mybatis-plus-boot-starter-3.5.1.jar:/Users/kim/.m2/repository/com/baomidou/mybatis-plus/3.5.1/mybatis-plus-3.5.1.jar:/Users/kim/.m2/repository/com/baomidou/mybatis-plus-extension/3.5.1/mybatis-plus-extension-3.5.1.jar:/Users/kim/.m2/repository/com/baomidou/mybatis-plus-core/3.5.1/mybatis-plus-core-3.5.1.jar:/Users/kim/.m2/repository/com/baomidou/mybatis-plus-annotation/3.5.1/mybatis-plus-annotation-3.5.1.jar:/Users/kim/.m2/repository/org/springframework/boot/spring-boot-starter-jdbc/2.7.5/spring-boot-starter-jdbc-2.7.5.jar:/Users/kim/.m2/repository/com/zaxxer/HikariCP/4.0.3/HikariCP-4.0.3.jar:/Users/kim/.m2/repository/org/springframework/spring-jdbc/5.3.23/spring-jdbc-5.3.23.jar:/Users/kim/.m2/repository/org/springframework/spring-tx/5.3.23/spring-tx-5.3.23.jar:/Users/kim/.m2/repository/com/github/pagehelper/pagehelper-spring-boot-starter/1.4.5/pagehelper-spring-boot-starter-1.4.5.jar:/Users/kim/.m2/repository/org/mybatis/spring/boot/mybatis-spring-boot-starter/2.2.2/mybatis-spring-boot-starter-2.2.2.jar:/Users/kim/.m2/repository/org/mybatis/spring/boot/mybatis-spring-boot-autoconfigure/2.2.2/mybatis-spring-boot-autoconfigure-2.2.2.jar:/Users/kim/.m2/repository/org/mybatis/mybatis/3.5.9/mybatis-3.5.9.jar:/Users/kim/.m2/repository/org/mybatis/mybatis-spring/2.0.7/mybatis-spring-2.0.7.jar:/Users/kim/.m2/repository/com/github/pagehelper/pagehelper-spring-boot-autoconfigure/1.4.5/pagehelper-spring-boot-autoconfigure-1.4.5.jar:/Users/kim/.m2/repository/com/github/pagehelper/pagehelper/5.3.2/pagehelper-5.3.2.jar:/Users/kim/.m2/repository/com/github/jsqlparser/jsqlparser/4.5/jsqlparser-4.5.jar:/Users/kim/.m2/repository/com/mysql/mysql-connector-j/8.0.33/mysql-connector-j-8.0.33.jar:/Users/kim/.m2/repository/org/projectlombok/lombok/1.18.12/lombok-1.18.12.jar:/Users/kim/.m2/repository/org/springdoc/springdoc-openapi-ui/1.6.9/springdoc-openapi-ui-1.6.9.jar:/Users/kim/.m2/repository/org/webjars/swagger-ui/4.11.1/swagger-ui-4.11.1.jar:/Users/kim/.m2/repository/org/webjars/webjars-locator-core/0.50/webjars-locator-core-0.50.jar:/Users/kim/.m2/repository/com/fasterxml/jackson/core/jackson-core/2.13.4/jackson-core-2.13.4.jar:/Users/kim/.m2/repository/io/github/classgraph/classgraph/4.8.147/classgraph-4.8.147.jar:/Users/kim/.m2/repository/org/springdoc/springdoc-openapi-webmvc-core/1.6.9/springdoc-openapi-webmvc-core-1.6.9.jar:/Users/kim/.m2/repository/org/springdoc/springdoc-openapi-common/1.6.9/springdoc-openapi-common-1.6.9.jar:/Users/kim/.m2/repository/io/swagger/core/v3/swagger-core/2.2.0/swagger-core-2.2.0.jar:/Users/kim/.m2/repository/com/fasterxml/jackson/dataformat/jackson-dataformat-yaml/2.13.4/jackson-dataformat-yaml-2.13.4.jar:/Users/kim/.m2/repository/io/swagger/core/v3/swagger-annotations/2.2.0/swagger-annotations-2.2.0.jar:/Users/kim/.m2/repository/io/swagger/core/v3/swagger-models/2.2.0/swagger-models-2.2.0.jar:/Users/kim/.m2/repository/jakarta/validation/jakarta.validation-api/2.0.2/jakarta.validation-api-2.0.2.jar:/Users/kim/.m2/repository/org/springdoc/springdoc-openapi-security/1.6.9/springdoc-openapi-security-1.6.9.jar:/Users/kim/.m2/repository/org/springframework/security/spring-security-core/5.7.4/spring-security-core-5.7.4.jar:/Users/kim/.m2/repository/org/springframework/security/spring-security-crypto/5.7.4/spring-security-crypto-5.7.4.jar:/Users/kim/.m2/repository/org/springframework/boot/spring-boot-starter-security/2.7.5/spring-boot-starter-security-2.7.5.jar:/Users/kim/.m2/repository/org/springframework/spring-aop/5.3.23/spring-aop-5.3.23.jar:/Users/kim/.m2/repository/org/springframework/security/spring-security-config/5.7.4/spring-security-config-5.7.4.jar:/Users/kim/.m2/repository/org/springframework/security/spring-security-web/5.7.4/spring-security-web-5.7.4.jar:/Users/kim/.m2/repository/org/springframework/boot/spring-boot-starter-oauth2-resource-server/2.7.5/spring-boot-starter-oauth2-resource-server-2.7.5.jar:/Users/kim/.m2/repository/org/springframework/security/spring-security-oauth2-resource-server/5.7.4/spring-security-oauth2-resource-server-5.7.4.jar:/Users/kim/.m2/repository/org/springframework/security/spring-security-oauth2-core/5.7.4/spring-security-oauth2-core-5.7.4.jar:/Users/kim/.m2/repository/org/springframework/security/spring-security-oauth2-jose/5.7.4/spring-security-oauth2-jose-5.7.4.jar:/Users/kim/.m2/repository/com/nimbusds/nimbus-jose-jwt/9.22/nimbus-jose-jwt-9.22.jar:/Users/kim/.m2/repository/com/github/stephenc/jcip/jcip-annotations/1.0-1/jcip-annotations-1.0-1.jar:/Users/kim/.m2/repository/io/jsonwebtoken/jjwt-api/0.11.5/jjwt-api-0.11.5.jar:/Users/kim/.m2/repository/io/jsonwebtoken/jjwt-impl/0.11.5/jjwt-impl-0.11.5.jar:/Users/kim/.m2/repository/io/jsonwebtoken/jjwt-jackson/0.11.5/jjwt-jackson-0.11.5.jar:/Users/kim/.m2/repository/com/fasterxml/jackson/core/jackson-databind/2.13.4.2/jackson-databind-2.13.4.2.jar:/Users/kim/.m2/repository/com/fasterxml/jackson/core/jackson-annotations/2.13.4/jackson-annotations-2.13.4.jar:/Users/kim/.m2/repository/org/mapstruct/mapstruct-jdk8/1.5.5.Final/mapstruct-jdk8-1.5.5.Final.jar:/Users/kim/.m2/repository/org/mapstruct/mapstruct/1.5.5.Final/mapstruct-1.5.5.Final.jar:/Users/kim/.m2/repository/org/mapstruct/mapstruct-processor/1.5.5.Final/mapstruct-processor-1.5.5.Final.jar:/Users/kim/.m2/repository/org/junit/jupiter/junit-jupiter-api/5.8.2/junit-jupiter-api-5.8.2.jar:/Users/kim/.m2/repository/org/opentest4j/opentest4j/1.2.0/opentest4j-1.2.0.jar:/Users/kim/.m2/repository/org/junit/platform/junit-platform-commons/1.8.2/junit-platform-commons-1.8.2.jar:/Users/kim/.m2/repository/org/apiguardian/apiguardian-api/1.1.2/apiguardian-api-1.1.2.jar:/Users/kim/.m2/repository/org/junit/jupiter/junit-jupiter-engine/5.8.2/junit-jupiter-engine-5.8.2.jar:/Users/kim/.m2/repository/org/junit/platform/junit-platform-engine/1.8.2/junit-platform-engine-1.8.2.jar:"/>
    <property name="sun.cpu.endian" value="little"/>
    <property name="user.home" value="/Users/kim"/>
    <property name="user.language" value="zh"/>
    <property name="java.specification.vendor" value="Oracle Corporation"/>
    <property name="java.home" value="/opt/java/jdk1.8.0_391.jdk/Contents/Home/jre"/>
    <property name="basedir" value="/Users/kim/work/hkust/hkust-sc"/>
    <property name="file.separator" value="/"/>
    <property name="line.separator" value="&#10;"/>
    <property name="java.vm.specification.vendor" value="Oracle Corporation"/>
    <property name="java.specification.name" value="Java Platform API Specification"/>
    <property name="FILE_LOG_CHARSET" value="UTF-8"/>
    <property name="java.awt.graphicsenv" value="sun.awt.CGraphicsEnvironment"/>
    <property name="java.awt.headless" value="true"/>
    <property name="surefire.real.class.path" value="/Users/kim/work/hkust/hkust-sc/target/surefire/surefirebooter1626016354461087580.jar"/>
    <property name="sun.boot.class.path" value="/opt/java/jdk1.8.0_391.jdk/Contents/Home/jre/lib/resources.jar:/opt/java/jdk1.8.0_391.jdk/Contents/Home/jre/lib/rt.jar:/opt/java/jdk1.8.0_391.jdk/Contents/Home/jre/lib/jsse.jar:/opt/java/jdk1.8.0_391.jdk/Contents/Home/jre/lib/jce.jar:/opt/java/jdk1.8.0_391.jdk/Contents/Home/jre/lib/charsets.jar:/opt/java/jdk1.8.0_391.jdk/Contents/Home/jre/lib/jfr.jar:/opt/java/jdk1.8.0_391.jdk/Contents/Home/jre/classes"/>
    <property name="sun.management.compiler" value="HotSpot 64-Bit Tiered Compilers"/>
    <property name="ftp.nonProxyHosts" value="local|*.local|169.254/16|*.169.254/16"/>
    <property name="java.runtime.version" value="1.8.0_391-b13"/>
    <property name="user.name" value="kim"/>
    <property name="path.separator" value=":"/>
    <property name="os.version" value="14.6.1"/>
    <property name="java.endorsed.dirs" value="/opt/java/jdk1.8.0_391.jdk/Contents/Home/jre/lib/endorsed"/>
    <property name="java.runtime.name" value="Java(TM) SE Runtime Environment"/>
    <property name="file.encoding" value="UTF-8"/>
    <property name="spring.beaninfo.ignore" value="true"/>
    <property name="java.vm.name" value="Java HotSpot(TM) 64-Bit Server VM"/>
    <property name="localRepository" value="/Users/kim/.m2/repository"/>
    <property name="java.vendor.url.bug" value="http://bugreport.sun.com/bugreport/"/>
    <property name="java.io.tmpdir" value="/var/folders/69/dkx3rlrd29j4l7490c1h7jg00000gn/T/"/>
    <property name="java.version" value="1.8.0_391"/>
    <property name="user.dir" value="/Users/kim/work/hkust/hkust-sc"/>
    <property name="os.arch" value="aarch64"/>
    <property name="java.vm.specification.name" value="Java Virtual Machine Specification"/>
    <property name="PID" value="1623"/>
    <property name="java.awt.printerjob" value="sun.lwawt.macosx.CPrinterJob"/>
    <property name="sun.os.patch.level" value="unknown"/>
    <property name="CONSOLE_LOG_CHARSET" value="UTF-8"/>
    <property name="java.library.path" value="/Users/kim/Library/Java/Extensions:/Library/Java/Extensions:/Network/Library/Java/Extensions:/System/Library/Java/Extensions:/usr/lib/java:."/>
    <property name="java.vm.info" value="mixed mode"/>
    <property name="java.vendor" value="Oracle Corporation"/>
    <property name="java.vm.version" value="25.391-b13"/>
    <property name="java.specification.maintenance.version" value="5"/>
    <property name="java.ext.dirs" value="/Users/kim/Library/Java/Extensions:/opt/java/jdk1.8.0_391.jdk/Contents/Home/jre/lib/ext:/Library/Java/Extensions:/Network/Library/Java/Extensions:/System/Library/Java/Extensions:/usr/lib/java"/>
    <property name="sun.io.unicode.encoding" value="UnicodeBig"/>
    <property name="java.class.version" value="52.0"/>
    <property name="socksNonProxyHosts" value="local|*.local|169.254/16|*.169.254/16"/>
  </properties>
  <testcase name="getAllUsers" classname="com.hkust.mapper.UserMapperTest" time="0.419">
    <system-out><![CDATA[00:14:14.836 [main] DEBUG org.springframework.test.context.BootstrapUtils - Instantiating CacheAwareContextLoaderDelegate from class [org.springframework.test.context.cache.DefaultCacheAwareContextLoaderDelegate]
00:14:14.844 [main] DEBUG org.springframework.test.context.BootstrapUtils - Instantiating BootstrapContext using constructor [public org.springframework.test.context.support.DefaultBootstrapContext(java.lang.Class,org.springframework.test.context.CacheAwareContextLoaderDelegate)]
00:14:14.871 [main] DEBUG org.springframework.test.context.BootstrapUtils - Instantiating TestContextBootstrapper for test class [com.hkust.mapper.UserMapperTest] from class [org.springframework.boot.test.context.SpringBootTestContextBootstrapper]
00:14:14.879 [main] INFO org.springframework.boot.test.context.SpringBootTestContextBootstrapper - Neither @ContextConfiguration nor @ContextHierarchy found for test class [com.hkust.mapper.UserMapperTest], using SpringBootContextLoader
00:14:14.881 [main] DEBUG org.springframework.test.context.support.AbstractContextLoader - Did not detect default resource location for test class [com.hkust.mapper.UserMapperTest]: class path resource [com/hkust/mapper/UserMapperTest-context.xml] does not exist
00:14:14.882 [main] DEBUG org.springframework.test.context.support.AbstractContextLoader - Did not detect default resource location for test class [com.hkust.mapper.UserMapperTest]: class path resource [com/hkust/mapper/UserMapperTestContext.groovy] does not exist
00:14:14.882 [main] INFO org.springframework.test.context.support.AbstractContextLoader - Could not detect default resource locations for test class [com.hkust.mapper.UserMapperTest]: no resource found for suffixes {-context.xml, Context.groovy}.
00:14:14.882 [main] INFO org.springframework.test.context.support.AnnotationConfigContextLoaderUtils - Could not detect default configuration classes for test class [com.hkust.mapper.UserMapperTest]: UserMapperTest does not declare any static, non-private, non-final, nested classes annotated with @Configuration.
00:14:14.907 [main] DEBUG org.springframework.test.context.support.ActiveProfilesUtils - Could not find an 'annotation declaring class' for annotation type [org.springframework.test.context.ActiveProfiles] and class [com.hkust.mapper.UserMapperTest]
00:14:14.953 [main] DEBUG org.springframework.context.annotation.ClassPathScanningCandidateComponentProvider - Identified candidate component class: file [/Users/kim/work/hkust/hkust-sc/target/classes/com/hkust/HkustScApplication.class]
00:14:14.953 [main] INFO org.springframework.boot.test.context.SpringBootTestContextBootstrapper - Found @SpringBootConfiguration com.hkust.HkustScApplication for test class com.hkust.mapper.UserMapperTest
00:14:15.011 [main] DEBUG org.springframework.boot.test.context.SpringBootTestContextBootstrapper - @TestExecutionListeners is not present for class [com.hkust.mapper.UserMapperTest]: using defaults.
00:14:15.011 [main] INFO org.springframework.boot.test.context.SpringBootTestContextBootstrapper - Loaded default TestExecutionListener class names from location [META-INF/spring.factories]: [org.springframework.boot.test.mock.mockito.MockitoTestExecutionListener, org.springframework.boot.test.mock.mockito.ResetMocksTestExecutionListener, org.springframework.boot.test.autoconfigure.restdocs.RestDocsTestExecutionListener, org.springframework.boot.test.autoconfigure.web.client.MockRestServiceServerResetTestExecutionListener, org.springframework.boot.test.autoconfigure.web.servlet.MockMvcPrintOnlyOnFailureTestExecutionListener, org.springframework.boot.test.autoconfigure.web.servlet.WebDriverTestExecutionListener, org.springframework.boot.test.autoconfigure.webservices.client.MockWebServiceServerTestExecutionListener, org.springframework.test.context.web.ServletTestExecutionListener, org.springframework.test.context.support.DirtiesContextBeforeModesTestExecutionListener, org.springframework.test.context.event.ApplicationEventsTestExecutionListener, org.springframework.test.context.support.DependencyInjectionTestExecutionListener, org.springframework.test.context.support.DirtiesContextTestExecutionListener, org.springframework.test.context.transaction.TransactionalTestExecutionListener, org.springframework.test.context.jdbc.SqlScriptsTestExecutionListener, org.springframework.test.context.event.EventPublishingTestExecutionListener]
00:14:15.021 [main] INFO org.springframework.boot.test.context.SpringBootTestContextBootstrapper - Using TestExecutionListeners: [org.springframework.test.context.web.ServletTestExecutionListener@5038d0b5, org.springframework.test.context.support.DirtiesContextBeforeModesTestExecutionListener@32115b28, org.springframework.test.context.event.ApplicationEventsTestExecutionListener@2ad48653, org.springframework.boot.test.mock.mockito.MockitoTestExecutionListener@6bb4dd34, org.springframework.boot.test.autoconfigure.SpringBootDependencyInjectionTestExecutionListener@7d9f158f, org.springframework.test.context.support.DirtiesContextTestExecutionListener@45efd90f, org.springframework.test.context.transaction.TransactionalTestExecutionListener@4b8729ff, org.springframework.test.context.jdbc.SqlScriptsTestExecutionListener@61710c6, org.springframework.test.context.event.EventPublishingTestExecutionListener@3214ee6, org.springframework.boot.test.mock.mockito.ResetMocksTestExecutionListener@383dc82c, org.springframework.boot.test.autoconfigure.restdocs.RestDocsTestExecutionListener@4a07d605, org.springframework.boot.test.autoconfigure.web.client.MockRestServiceServerResetTestExecutionListener@74287ea3, org.springframework.boot.test.autoconfigure.web.servlet.MockMvcPrintOnlyOnFailureTestExecutionListener@7d7758be, org.springframework.boot.test.autoconfigure.web.servlet.WebDriverTestExecutionListener@2bdd8394, org.springframework.boot.test.autoconfigure.webservices.client.MockWebServiceServerTestExecutionListener@5f9edf14]
00:14:15.023 [main] DEBUG org.springframework.test.context.support.AbstractDirtiesContextTestExecutionListener - Before test class: context [DefaultTestContext@5852c06f testClass = UserMapperTest, testInstance = [null], testMethod = [null], testException = [null], mergedContextConfiguration = [WebMergedContextConfiguration@4149c063 testClass = UserMapperTest, locations = '{}', classes = '{class com.hkust.HkustScApplication}', contextInitializerClasses = '[]', activeProfiles = '{}', propertySourceLocations = '{}', propertySourceProperties = '{org.springframework.boot.test.context.SpringBootTestContextBootstrapper=true}', contextCustomizers = set[org.springframework.boot.test.context.filter.ExcludeFilterContextCustomizer@4b2bac3f, org.springframework.boot.test.json.DuplicateJsonObjectContextCustomizerFactory$DuplicateJsonObjectContextCustomizer@3d285d7e, org.springframework.boot.test.mock.mockito.MockitoContextCustomizer@0, org.springframework.boot.test.web.client.TestRestTemplateContextCustomizer@4c178a76, org.springframework.boot.test.autoconfigure.actuate.metrics.MetricsExportContextCustomizerFactory$DisableMetricExportContextCustomizer@5e5d171f, org.springframework.boot.test.autoconfigure.properties.PropertyMappingContextCustomizer@0, org.springframework.boot.test.autoconfigure.web.servlet.WebDriverContextCustomizerFactory$Customizer@66d18979, org.springframework.boot.test.context.SpringBootTestArgs@1, org.springframework.boot.test.context.SpringBootTestWebEnvironment@3701eaf6], resourceBasePath = 'src/main/webapp', contextLoader = 'org.springframework.boot.test.context.SpringBootContextLoader', parent = [null]], attributes = map['org.springframework.test.context.web.ServletTestExecutionListener.activateListener' -> true]], class annotated with @DirtiesContext [false] with mode [null].

  .   ____          _            __ _ _
 /\\ / ___'_ __ _ _(_)_ __  __ _ \ \ \ \
( ( )\___ | '_ | '_| | '_ \/ _` | \ \ \ \
 \\/  ___)| |_)| | | | | || (_| |  ) ) ) )
  '  |____| .__|_| |_|_| |_\__, | / / / /
 =========|_|==============|___/=/_/_/_/
 :: Spring Boot ::                (v2.7.5)

2024-08-25 00:14:15.256  INFO 1623 --- [           main] com.hkust.mapper.UserMapperTest          : Starting UserMapperTest using Java 1.8.0_391 on 192.168.31.100 with PID 1623 (started by kim in /Users/kim/work/hkust/hkust-sc)
2024-08-25 00:14:15.257  INFO 1623 --- [           main] com.hkust.mapper.UserMapperTest          : The following 1 profile is active: "dev"
Logging initialized using 'class org.apache.ibatis.logging.stdout.StdOutImpl' adapter.
2024-08-25 00:14:16.069  INFO 1623 --- [           main] c.a.d.s.b.a.DruidDataSourceAutoConfigure : Init DruidDataSource
2024-08-25 00:14:16.214  INFO 1623 --- [           main] com.alibaba.druid.pool.DruidDataSource   : {dataSource-1} inited
Registered plugin: 'com.baomidou.mybatisplus.extension.plugins.MybatisPlusInterceptor@e84fb85'
Parsed mapper file: 'class path resource [mapper/CabinetDoorMapper.xml]'
Parsed mapper file: 'class path resource [mapper/CabinetMapper.xml]'
Parsed mapper file: 'class path resource [mapper/UserMapper.xml]'
Parsed mapper file: 'class path resource [mapper/VideoMapper.xml]'
Parsed mapper file: 'class path resource [mapper/ReagentsRecordMapper.xml]'
Parsed mapper file: 'class path resource [mapper/ReagentsMapper.xml]'
Parsed mapper file: 'class path resource [mapper/EventMapper.xml]'
Parsed mapper file: 'class path resource [mapper/RoleMapper.xml]'
 _ _   |_  _ _|_. ___ _ |    _ 
| | |\/|_)(_| | |_\  |_)||_|_\ 
     /               |         
                        3.5.1 
Can not find table primary key in Class: "com.hkust.entity.UserExts".
2024-08-25 00:14:16.635  WARN 1623 --- [           main] c.b.m.core.injector.DefaultSqlInjector   : class com.hkust.entity.UserExts ,Not found @TableId annotation, Cannot use Mybatis-Plus 'xxById' Method.
2024-08-25 00:14:16.886  INFO 1623 --- [           main] o.s.s.web.DefaultSecurityFilterChain     : Will secure any request with [org.springframework.security.web.session.DisableEncodeUrlFilter@3ff54f3d, org.springframework.security.web.context.request.async.WebAsyncManagerIntegrationFilter@14c93774, org.springframework.security.web.context.SecurityContextPersistenceFilter@7b477141, org.springframework.security.web.header.HeaderWriterFilter@2f382a5e, org.springframework.security.web.authentication.logout.LogoutFilter@b3e86d5, com.hkust.security.jwt.JwtFilter@62a68bcb, org.springframework.security.web.authentication.UsernamePasswordAuthenticationFilter@2be21396, org.springframework.security.web.savedrequest.RequestCacheAwareFilter@7316523a, org.springframework.security.web.servletapi.SecurityContextHolderAwareRequestFilter@5b5ac798, org.springframework.security.web.authentication.AnonymousAuthenticationFilter@18b74ea, org.springframework.security.web.session.SessionManagementFilter@539a138b, org.springframework.security.web.access.ExceptionTranslationFilter@6d08b4e6, org.springframework.security.web.access.intercept.FilterSecurityInterceptor@5c9934da]


,------.                           ,--.  ,--.         ,--.                         
|  .--. '  ,--,--.  ,---.   ,---.  |  '--'  |  ,---.  |  |  ,---.   ,---.  ,--.--. 
|  '--' | ' ,-.  | | .-. | | .-. : |  .--.  | | .-. : |  | | .-. | | .-. : |  .--' 
|  | --'  \ '-'  | ' '-' ' \   --. |  |  |  | \   --. |  | | '-' ' \   --. |  |    
`--'       `--`--' .`-  /   `----' `--'  `--'  `----' `--' |  |-'   `----' `--'    
                   `---'                                   `--'                        is intercepting.

2024-08-25 00:14:18.531  INFO 1623 --- [           main] com.hkust.mapper.UserMapperTest          : Started UserMapperTest in 3.486 seconds (JVM running for 4.102)
Creating a new SqlSession
SqlSession [org.apache.ibatis.session.defaults.DefaultSqlSession@9e30f9a] was not registered for synchronization because synchronization is not active
JDBC Connection [com.mysql.cj.jdbc.ConnectionImpl@e0d1dc4] will not be managed by Spring
==>  Preparing: SELECT * FROM hkust_user
==> Parameters: 
<==    Columns: user_id, student_id, user_name, real_name, password, dept, position, gender, email, address, office_location, phone, fixed_tel, stat, enabled, version, add_ch, create_time, update_time, remark
<==        Row: bf381ae585c34fbfae5187e5b8ffabb4, Ceishi610002, 张谋, 测试6100002, $2a$10$woAtMHDIgR9eOAsw9Y8gyejgAixf/p9zkMlDe2hC9Xesqww1iadzO, null, null, M, hdlg@hotmail.com, 上海市闵行区梅陇, 华东理工大学 化工楼303, 13501630535, 021-33557799, null, 1, 2, MC, 2024-07-30 11:13:46, null, null
<==        Row: 1cbed8f1624743a78b224c3392f9800a, ST001, root, 超级用户, $2a$10$18BL6Vq4WccLYe2.Z8KSXOks/uI80nT1Dj83gTdeR1EZt04hAo.SW, null, null, F, null, null, , 13522223333, null, null, 1, 15, MC, null, null, null
<==      Total: 2
Closing non transactional SqlSession [org.apache.ibatis.session.defaults.DefaultSqlSession@9e30f9a]
2024-08-25 00:14:18.960  INFO 1623 --- [           main] com.hkust.mapper.UserMapperTest          : [
    {
        "userId": "bf381ae585c34fbfae5187e5b8ffabb4",
        "studentId": "Ceishi610002",
        "username": "张谋",
        "realName": "测试6100002",
        "address": "上海市闵行区梅陇",
        "officeLocation": "华东理工大学 化工楼303",
        "phone": "13501630535",
        "fixedTel": "021-33557799",
        "password": "$2a$10$woAtMHDIgR9eOAsw9Y8gyejgAixf/p9zkMlDe2hC9Xesqww1iadzO",
        "email": "hdlg@hotmail.com",
        "gender": "M",
        "enabled": true,
        "createTime": 1722309226000
    },
    {
        "userId": "1cbed8f1624743a78b224c3392f9800a",
        "studentId": "ST001",
        "username": "root",
        "realName": "超级用户",
        "officeLocation": "",
        "phone": "13522223333",
        "password": "$2a$10$18BL6Vq4WccLYe2.Z8KSXOks/uI80nT1Dj83gTdeR1EZt04hAo.SW",
        "gender": "F",
        "enabled": true
    }
]
]]></system-out>
  </testcase>
</testsuite>